Arguments: 
  /opt/homebrew/Cellar/node/16.7.0/bin/node /opt/homebrew/Cellar/yarn/1.22.11/libexec/bin/yarn.js build

PATH: 
  /opt/homebrew/bin/:/opt/homebrew/Cellar/python@3.9/3.9.6/libexec/bin:/usr/local/bin:/usr/bin:/bin:/usr/sbin:/sbin:/opt/homebrew/bin/:/opt/homebrew/Cellar/python@3.9/3.9.6/libexec/bin:/opt/homebrew/bin:/opt/homebrew/sbin

Yarn version: 
  1.22.11

Node version: 
  16.7.0

Platform: 
  darwin arm64

Trace: 
  SyntaxError: /Users/aboyed/Git/Projects/Notion-Anki/package.json: Unexpected string in JSON at position 207
      at JSON.parse (<anonymous>)
      at /opt/homebrew/Cellar/yarn/1.22.11/libexec/lib/cli.js:1625:59
      at Generator.next (<anonymous>)
      at step (/opt/homebrew/Cellar/yarn/1.22.11/libexec/lib/cli.js:310:30)
      at /opt/homebrew/Cellar/yarn/1.22.11/libexec/lib/cli.js:321:13

npm manifest: 
  {
    "name": "Notion-Anki",
    "version": "1.0.0",
    "main": "index.js",
    "repository": "https://github.com/ankan5415/Notion-Anki.git",
    "author": "Ankur Boyed <ankur.boyed@gmail.com>",
    "license": "MIT"
    "scripts": {
      "build": "tsc"
    }
  }

yarn manifest: 
  No manifest

Lockfile: 
  No lockfile
